<?xml version="1.0" encoding="UTF-8"?>
<!-- Generated by org.testng.reporters.JUnitReportReporter -->
<testsuite hostname="ADMIN" name="anusha.TestApp" tests="1" failures="0" timestamp="6 Jan 2016 10:49:22 GMT" time="37.350" errors="0">
  <testcase name="test" time="37.350" classname="anusha.TestApp"/>
</testsuite> <!-- anusha.TestApp -->
